<?xml version="1.0" encoding="UTF-8"?>
<testng-results ignored="0" total="1" passed="1" failed="0" skipped="0">
  <reporter-output>
  </reporter-output>
  <suite started-at="2022-11-09T19:00:59 IST" name="Default suite" finished-at="2022-11-09T19:01:17 IST" duration-ms="18386">
    <groups>
    </groups>
    <test started-at="2022-11-09T19:00:59 IST" name="Default test" finished-at="2022-11-09T19:01:17 IST" duration-ms="18386">
      <class name="driverfactory.AppTest">
        <test-method signature="kickstart()[pri:0, instance:driverfactory.AppTest@19bb07ed]" started-at="2022-11-09T19:00:59 IST" name="kickstart" finished-at="2022-11-09T19:01:17 IST" duration-ms="18317" status="PASS">
          <reporter-output>
          </reporter-output>
        </test-method> <!-- kickstart -->
      </class> <!-- driverfactory.AppTest -->
    </test> <!-- Default test -->
  </suite> <!-- Default suite -->
</testng-results>
